folioreader/build/intermediates/manifest_merge_blame_file/release/manifest-merger-blame-release-report.txt
1<?xml version="1.0" encoding="utf-8"?>
2<manifest xmlns:android="http://schemas.android.com/apk/res/android"
3    xmlns:tools="http://schemas.android.com/tools"
4    package="com.folioreader" >
5
6    <uses-sdk
6-->folioreader\AndroidManifest.xml:9:5-88
7        android:minSdkVersion="21"
7-->folioreader\AndroidManifest.xml:9:5-88
8        android:targetSdkVersion="30"
8-->folioreader\AndroidManifest.xml:9:5-88
9        tools:overrideLibrary="org.readium.r2.streamer, org.readium.r2.shared" />
9-->folioreader\AndroidManifest.xml:9:15-85
10
11    <!-- <uses-permission android:name="android.permission.WRITE_EXTERNAL_STORAGE" /> -->
12    <uses-permission android:name="android.permission.INTERNET" />
12-->folioreader\AndroidManifest.xml:7:5-67
12-->folioreader\AndroidManifest.xml:7:22-64
13
14    <application
14-->folioreader\AndroidManifest.xml:11:5-42:19
15        android:allowBackup="true"
15-->folioreader\AndroidManifest.xml:12:9-35
16        android:largeHeap="true"
16-->folioreader\AndroidManifest.xml:13:9-33
17        android:networkSecurityConfig="@xml/network_security_config"
17-->folioreader\AndroidManifest.xml:14:9-69
18        tools:replace="android:allowBackup" >
18-->folioreader\AndroidManifest.xml:15:9-44
19        <provider
19-->folioreader\AndroidManifest.xml:17:9-20:40
20            android:name="com.folioreader.AppContext"
20-->folioreader\AndroidManifest.xml:18:13-39
21            android:authorities="${applicationId}.provider.appcontext"
21-->folioreader\AndroidManifest.xml:19:13-71
22            android:exported="false" />
22-->folioreader\AndroidManifest.xml:20:13-37
23
24        <activity
24-->folioreader\AndroidManifest.xml:22:9-25:60
25            android:name="com.folioreader.ui.activity.FolioActivity"
25-->folioreader\AndroidManifest.xml:23:13-69
26            android:label="@string/app_names"
26-->folioreader\AndroidManifest.xml:24:13-46
27            android:theme="@style/FolioActivityDayTheme" />
27-->folioreader\AndroidManifest.xml:25:13-57
28        <activity
28-->folioreader\AndroidManifest.xml:27:9-29:59
29            android:name="com.folioreader.ui.activity.ContentHighlightActivity"
29-->folioreader\AndroidManifest.xml:28:13-80
30            android:theme="@style/AppTheme.NoActionBar" />
30-->folioreader\AndroidManifest.xml:29:13-56
31        <activity
31-->folioreader\AndroidManifest.xml:31:9-40:20
32            android:name="com.folioreader.ui.activity.SearchActivity"
32-->folioreader\AndroidManifest.xml:32:13-70
33            android:launchMode="singleTop" >
33-->folioreader\AndroidManifest.xml:33:13-43
34            <intent-filter>
34-->folioreader\AndroidManifest.xml:34:13-36:29
35                <action android:name="android.intent.action.SEARCH" />
35-->folioreader\AndroidManifest.xml:35:17-71
35-->folioreader\AndroidManifest.xml:35:25-68
36            </intent-filter>
37
38            <meta-data
38-->folioreader\AndroidManifest.xml:37:13-39:54
39                android:name="android.app.searchable"
39-->folioreader\AndroidManifest.xml:38:17-54
40                android:resource="@xml/searchable" />
40-->folioreader\AndroidManifest.xml:39:17-51
41        </activity>
42    </application>
43
44</manifest>